c:\users\twilight\documents\github\leaguesharp\leagueplusplus\leagueplusplus\debug\leagueplusplus.pch
c:\users\twilight\documents\github\leaguesharp\leagueplusplus\leagueplusplus\debug\vc120.pdb
c:\users\twilight\documents\github\leaguesharp\leagueplusplus\leagueplusplus\debug\stdafx.obj
c:\users\twilight\documents\github\leaguesharp\leagueplusplus\leagueplusplus\debug\leagueplusplus.obj
c:\users\twilight\documents\github\leaguesharp\leagueplusplus\leagueplusplus\debug\assemblyinfo.obj
c:\users\twilight\documents\github\leaguesharp\leagueplusplus\leagueplusplus\debug\.netframework,version=v4.5.assemblyattributes.obj
c:\users\twilight\documents\github\leaguesharp\leagueplusplusloader\leagueplusplusloader\leagueplusplus.dll
c:\users\twilight\documents\github\leaguesharp\leagueplusplus\debug\leagueplusplus.pdb
c:\users\twilight\documents\github\leaguesharp\leagueplusplus\leagueplusplus\debug\app.res
c:\users\twilight\documents\github\leaguesharp\leagueplusplus\leagueplusplus\debug\leagueplusplus.tlog\cl.command.1.tlog
c:\users\twilight\documents\github\leaguesharp\leagueplusplus\leagueplusplus\debug\leagueplusplus.tlog\cl.read.1.tlog
c:\users\twilight\documents\github\leaguesharp\leagueplusplus\leagueplusplus\debug\leagueplusplus.tlog\cl.write.1.tlog
c:\users\twilight\documents\github\leaguesharp\leagueplusplus\leagueplusplus\debug\leagueplusplus.tlog\link.command.1.tlog
c:\users\twilight\documents\github\leaguesharp\leagueplusplus\leagueplusplus\debug\leagueplusplus.tlog\link.read.1.tlog
c:\users\twilight\documents\github\leaguesharp\leagueplusplus\leagueplusplus\debug\leagueplusplus.tlog\link.write.1.tlog
c:\users\twilight\documents\github\leaguesharp\leagueplusplus\leagueplusplus\debug\leagueplusplus.tlog\metagen.read.1.tlog
c:\users\twilight\documents\github\leaguesharp\leagueplusplus\leagueplusplus\debug\leagueplusplus.tlog\metagen.write.1.tlog
c:\users\twilight\documents\github\leaguesharp\leagueplusplus\leagueplusplus\debug\leagueplusplus.tlog\rc.command.1.tlog
c:\users\twilight\documents\github\leaguesharp\leagueplusplus\leagueplusplus\debug\leagueplusplus.tlog\rc.read.1.tlog
c:\users\twilight\documents\github\leaguesharp\leagueplusplus\leagueplusplus\debug\leagueplusplus.tlog\rc.write.1.tlog
c:\users\twilight\documents\github\leaguesharp\leagueplusplus\leagueplusplus\debug\leagueplusplus.tlog\tzres.dll.bi
